Base path: D:/Program Files/Unity/5.3.5f/Unity/Editor/Data
Cmd: getPlatforms
Cmd: preprocess
  insize=1563 outsize=691 ok=1
Cmd: preprocess
  insize=2021 outsize=695 ok=1
Cmd: preprocess
  insize=1037 outsize=498 ok=1
Cmd: preprocess
  insize=3359 outsize=752 ok=1
Cmd: preprocess
  insize=2720 outsize=663 ok=1
Cmd: preprocess
  insize=2730 outsize=808 ok=1
Cmd: preprocess
  insize=219 outsize=219 ok=1
Cmd: preprocess
  insize=2317 outsize=849 ok=1
Cmd: preprocess
  insize=1571 outsize=492 ok=1
Cmd: preprocess
  insize=834 outsize=330 ok=1
Cmd: preprocess
  insize=1200 outsize=603 ok=1
Cmd: preprocess
  insize=2886 outsize=889 ok=1
Cmd: preprocess
  insize=1332 outsize=659 ok=1
Cmd: preprocess
  insize=3057 outsize=966 ok=1
Cmd: preprocess
  insize=2330 outsize=478 ok=1
Cmd: preprocess
  insize=3111 outsize=712 ok=1
Cmd: preprocess
  insize=1986 outsize=887 ok=1
Cmd: preprocess
  insize=1372 outsize=733 ok=1
Cmd: preprocess
  insize=1367 outsize=728 ok=1
Cmd: preprocess
  insize=3229 outsize=968 ok=1
Cmd: preprocess
  insize=1971 outsize=690 ok=1
Cmd: preprocess
  insize=1787 outsize=743 ok=1
Cmd: preprocess
  insize=1964 outsize=478 ok=1
Cmd: preprocess
  insize=2057 outsize=656 ok=1
Cmd: preprocess
  insize=480 outsize=480 ok=1
Cmd: preprocess
  insize=2124 outsize=876 ok=1
Cmd: preprocess
  insize=1721 outsize=788 ok=1
Cmd: preprocess
  insize=2698 outsize=944 ok=1
Cmd: preprocess
  insize=1944 outsize=796 ok=1
Cmd: preprocess
  insize=3448 outsize=590 ok=1
Cmd: preprocess
  insize=2375 outsize=1001 ok=1
Cmd: preprocess
  insize=2025 outsize=659 ok=1
Cmd: preprocess
  insize=1946 outsize=757 ok=1
Cmd: preprocess
  insize=1456 outsize=656 ok=1
Cmd: preprocess
  insize=2816 outsize=725 ok=1
Cmd: preprocess
  insize=2737 outsize=1151 ok=1
Cmd: preprocess
  insize=2450 outsize=535 ok=1
Cmd: preprocess
  insize=1360 outsize=667 ok=1
Cmd: preprocess
  insize=2095 outsize=874 ok=1
Cmd: preprocess
  insize=2083 outsize=533 ok=1
Cmd: preprocess
  insize=2738 outsize=812 ok=1
Cmd: preprocess
  insize=2184 outsize=661 ok=1
Cmd: preprocess
  insize=1081 outsize=334 ok=1
Cmd: preprocess
  insize=1500 outsize=752 ok=1
Cmd: preprocess
  insize=1853 outsize=814 ok=1
Cmd: preprocess
  insize=1968 outsize=658 ok=1
Cmd: preprocess
  insize=1404 outsize=609 ok=1
Cmd: preprocess
  insize=1452 outsize=830 ok=1
Cmd: preprocess
  insize=1503 outsize=625 ok=1
Cmd: preprocess
  insize=2684 outsize=849 ok=1
Cmd: preprocess
  insize=1873 outsize=659 ok=1
Cmd: preprocess
  insize=1946 outsize=1130 ok=1
Cmd: preprocess
  insize=2582 outsize=877 ok=1
Cmd: preprocess
  insize=1475 outsize=663 ok=1
Cmd: preprocess
  insize=1768 outsize=657 ok=1
Cmd: preprocess
  insize=1722 outsize=559 ok=1
Cmd: preprocess
  insize=1342 outsize=648 ok=1
Cmd: preprocess
  insize=2375 outsize=1005 ok=1
Cmd: preprocess
  insize=1376 outsize=660 ok=1
Cmd: preprocess
  insize=2327 outsize=767 ok=1
Cmd: preprocess
  insize=1636 outsize=878 ok=1
Cmd: preprocess
  insize=2714 outsize=532 ok=1
Cmd: preprocess
  insize=1560 outsize=533 ok=1
Cmd: preprocess
  insize=1272 outsize=647 ok=1
Cmd: preprocess
  insize=2010 outsize=514 ok=1
Cmd: preprocess
  insize=1330 outsize=262 ok=1
Cmd: preprocess
  insize=2317 outsize=791 ok=1
Cmd: preprocess
  insize=1428 outsize=478 ok=1
Cmd: preprocess
  insize=1623 outsize=696 ok=1
Cmd: preprocess
  insize=3042 outsize=2109 ok=1
Cmd: preprocess
  insize=2188 outsize=723 ok=1
Cmd: preprocess
  insize=1596 outsize=854 ok=1
Cmd: preprocess
  insize=2007 outsize=708 ok=1
Cmd: preprocess
  insize=2474 outsize=859 ok=1
Cmd: preprocess
  insize=2216 outsize=1010 ok=1
Cmd: preprocess
  insize=2211 outsize=769 ok=1
Cmd: preprocess
  insize=1416 outsize=433 ok=1
Cmd: preprocess
  insize=588 outsize=234 ok=1
Cmd: preprocess
  insize=1529 outsize=808 ok=1
Cmd: preprocess
  insize=1534 outsize=690 ok=1
Cmd: preprocess
  insize=2172 outsize=880 ok=1
Cmd: preprocess
  insize=2289 outsize=655 ok=1
Cmd: preprocess
  insize=1884 outsize=666 ok=1
Cmd: preprocess
  insize=2073 outsize=758 ok=1
Cmd: preprocess
  insize=2519 outsize=887 ok=1
Cmd: preprocess
  insize=2045 outsize=736 ok=1
Cmd: preprocess
  insize=1784 outsize=847 ok=1
Cmd: preprocess
  insize=2194 outsize=877 ok=1
Cmd: preprocess
  insize=2475 outsize=1004 ok=1
Cmd: preprocess
  insize=2474 outsize=494 ok=1
Cmd: preprocess
  insize=2283 outsize=658 ok=1
Cmd: preprocess
  insize=435 outsize=435 ok=1
Cmd: preprocess
  insize=1353 outsize=342 ok=1
Cmd: preprocess
  insize=2347 outsize=1113 ok=1
Cmd: preprocess
  insize=1762 outsize=704 ok=1
Cmd: preprocess
  insize=1997 outsize=820 ok=1
Cmd: preprocess
  insize=1595 outsize=772 ok=1
Cmd: preprocess
  insize=2461 outsize=795 ok=1
Cmd: preprocess
  insize=2164 outsize=1159 ok=1
Cmd: preprocess
  insize=2282 outsize=621 ok=1
Cmd: preprocess
  insize=2572 outsize=867 ok=1
Cmd: preprocess
  insize=3023 outsize=661 ok=1
Cmd: preprocess
  insize=1465 outsize=506 ok=1
Cmd: preprocess
  insize=3105 outsize=726 ok=1
Cmd: preprocess
  insize=1447 outsize=520 ok=1
Cmd: preprocess
  insize=1414 outsize=840 ok=1
Cmd: preprocess
  insize=5950 outsize=3828 ok=1
Cmd: preprocess
  insize=2214 outsize=1014 ok=1
Cmd: preprocess
  insize=1464 outsize=884 ok=1
Cmd: preprocess
  insize=2361 outsize=2709 ok=1
Cmd: preprocess
  insize=1287 outsize=490 ok=1
Cmd: preprocess
  insize=3390 outsize=765 ok=1
Cmd: preprocess
  insize=3063 outsize=659 ok=1
Cmd: preprocess
  insize=1232 outsize=482 ok=1
Cmd: preprocess
  insize=2107 outsize=491 ok=1
Cmd: preprocess
  insize=3023 outsize=659 ok=1
Cmd: preprocess
  insize=1629 outsize=772 ok=1
Cmd: preprocess
  insize=1668 outsize=929 ok=1
Cmd: preprocess
  insize=1110 outsize=323 ok=1
Cmd: preprocess
  insize=2211 outsize=728 ok=1
Cmd: preprocess
  insize=2257 outsize=725 ok=1
Cmd: compileSnippet
  api=4 type=0 insize=1470 outsize=621 kw= pd=UNITY_NO_SCREENSPACE_SHADOWS UNITY_ENABLE_REFLECTION_BUFFERS UNITY_PBS_USE_BRDF1 UNITY_SPECCUBE_BOX_PROJECTION UNITY_SPECCUBE_BLENDING ok=1
Cmd: compileSnippet
  api=4 type=1 insize=1470 outsize=373 kw= pd=UNITY_NO_SCREENSPACE_SHADOWS UNITY_ENABLE_REFLECTION_BUFFERS UNITY_PBS_USE_BRDF1 UNITY_SPECCUBE_BOX_PROJECTION UNITY_SPECCUBE_BLENDING ok=1
Cmd: compileSnippet
  api=4 type=0 insize=959 outsize=529 kw= pd=UNITY_NO_SCREENSPACE_SHADOWS UNITY_ENABLE_REFLECTION_BUFFERS UNITY_PBS_USE_BRDF1 UNITY_SPECCUBE_BOX_PROJECTION UNITY_SPECCUBE_BLENDING ok=1
Cmd: compileSnippet
  api=4 type=1 insize=959 outsize=297 kw= pd=UNITY_NO_SCREENSPACE_SHADOWS UNITY_ENABLE_REFLECTION_BUFFERS UNITY_PBS_USE_BRDF1 UNITY_SPECCUBE_BOX_PROJECTION UNITY_SPECCUBE_BLENDING ok=1
Cmd: compileSnippet
  api=4 type=0 insize=5353 outsize=1929 kw=DIRECTIONAL pd=UNITY_NO_SCREENSPACE_SHADOWS UNITY_ENABLE_REFLECTION_BUFFERS UNITY_PBS_USE_BRDF1 UNITY_SPECCUBE_BOX_PROJECTION UNITY_SPECCUBE_BLENDING ok=1
Cmd: compileSnippet
  api=4 type=1 insize=5353 outsize=1505 kw=DIRECTIONAL pd=UNITY_NO_SCREENSPACE_SHADOWS UNITY_ENABLE_REFLECTION_BUFFERS UNITY_PBS_USE_BRDF1 UNITY_SPECCUBE_BOX_PROJECTION UNITY_SPECCUBE_BLENDING ok=1
Cmd: compileSnippet
  api=4 type=0 insize=5458 outsize=1929 kw=DIRECTIONAL pd=UNITY_NO_SCREENSPACE_SHADOWS UNITY_ENABLE_REFLECTION_BUFFERS UNITY_PBS_USE_BRDF1 UNITY_SPECCUBE_BOX_PROJECTION UNITY_SPECCUBE_BLENDING ok=1
Cmd: compileSnippet
  api=4 type=1 insize=5458 outsize=1617 kw=DIRECTIONAL pd=UNITY_NO_SCREENSPACE_SHADOWS UNITY_ENABLE_REFLECTION_BUFFERS UNITY_PBS_USE_BRDF1 UNITY_SPECCUBE_BOX_PROJECTION UNITY_SPECCUBE_BLENDING ok=1
Cmd: compileSnippet
  api=4 type=0 insize=990 outsize=529 kw= pd=UNITY_NO_SCREENSPACE_SHADOWS UNITY_ENABLE_REFLECTION_BUFFERS UNITY_PBS_USE_BRDF1 UNITY_SPECCUBE_BOX_PROJECTION UNITY_SPECCUBE_BLENDING ok=1
Cmd: compileSnippet
  api=4 type=1 insize=990 outsize=345 kw= pd=UNITY_NO_SCREENSPACE_SHADOWS UNITY_ENABLE_REFLECTION_BUFFERS UNITY_PBS_USE_BRDF1 UNITY_SPECCUBE_BOX_PROJECTION UNITY_SPECCUBE_BLENDING ok=1
Cmd: compileSnippet
  api=4 type=0 insize=7140 outsize=2169 kw=DIRECTIONAL SHADOWS_OFF LIGHTMAP_OFF DIRLIGHTMAP_OFF DYNAMICLIGHTMAP_OFF pd=UNITY_NO_SCREENSPACE_SHADOWS UNITY_ENABLE_REFLECTION_BUFFERS UNITY_PBS_USE_BRDF1 UNITY_SPECCUBE_BOX_PROJECTION UNITY_SPECCUBE_BLENDING ok=1
Cmd: compileSnippet
  api=4 type=1 insize=7140 outsize=741 kw=DIRECTIONAL SHADOWS_OFF LIGHTMAP_OFF DIRLIGHTMAP_OFF DYNAMICLIGHTMAP_OFF pd=UNITY_NO_SCREENSPACE_SHADOWS UNITY_ENABLE_REFLECTION_BUFFERS UNITY_PBS_USE_BRDF1 UNITY_SPECCUBE_BOX_PROJECTION UNITY_SPECCUBE_BLENDING ok=1
Cmd: compileSnippet
  api=4 type=0 insize=3915 outsize=1349 kw=DIRECTIONAL pd=UNITY_NO_SCREENSPACE_SHADOWS UNITY_ENABLE_REFLECTION_BUFFERS UNITY_PBS_USE_BRDF1 UNITY_SPECCUBE_BOX_PROJECTION UNITY_SPECCUBE_BLENDING ok=1
Cmd: compileSnippet
  api=4 type=1 insize=3915 outsize=569 kw=DIRECTIONAL pd=UNITY_NO_SCREENSPACE_SHADOWS UNITY_ENABLE_REFLECTION_BUFFERS UNITY_PBS_USE_BRDF1 UNITY_SPECCUBE_BOX_PROJECTION UNITY_SPECCUBE_BLENDING ok=1
Cmd: compileSnippet
  api=4 type=0 insize=1642 outsize=629 kw=SOFTPARTICLES_OFF pd=UNITY_NO_SCREENSPACE_SHADOWS UNITY_ENABLE_REFLECTION_BUFFERS UNITY_PBS_USE_BRDF1 UNITY_SPECCUBE_BOX_PROJECTION UNITY_SPECCUBE_BLENDING ok=1
Cmd: compileSnippet
  api=4 type=1 insize=1642 outsize=449 kw=SOFTPARTICLES_OFF pd=UNITY_NO_SCREENSPACE_SHADOWS UNITY_ENABLE_REFLECTION_BUFFERS UNITY_PBS_USE_BRDF1 UNITY_SPECCUBE_BOX_PROJECTION UNITY_SPECCUBE_BLENDING ok=1
Cmd: compileSnippet
  api=4 type=0 insize=577 outsize=1733 kw=SHADOWS_DEPTH pd=UNITY_NO_SCREENSPACE_SHADOWS UNITY_ENABLE_REFLECTION_BUFFERS UNITY_PBS_USE_BRDF1 UNITY_SPECCUBE_BOX_PROJECTION UNITY_SPECCUBE_BLENDING ok=1
Cmd: compileSnippet
  api=4 type=1 insize=577 outsize=217 kw=SHADOWS_DEPTH pd=UNITY_NO_SCREENSPACE_SHADOWS UNITY_ENABLE_REFLECTION_BUFFERS UNITY_PBS_USE_BRDF1 UNITY_SPECCUBE_BOX_PROJECTION UNITY_SPECCUBE_BLENDING ok=1
Cmd: compileSnippet
  api=4 type=0 insize=6753 outsize=2125 kw=DIRECTIONAL SHADOWS_OFF LIGHTMAP_OFF DIRLIGHTMAP_OFF DYNAMICLIGHTMAP_OFF pd=UNITY_NO_SCREENSPACE_SHADOWS UNITY_ENABLE_REFLECTION_BUFFERS UNITY_PBS_USE_BRDF1 UNITY_SPECCUBE_BOX_PROJECTION UNITY_SPECCUBE_BLENDING ok=1
Cmd: compileSnippet
  api=4 type=1 insize=6753 outsize=609 kw=DIRECTIONAL SHADOWS_OFF LIGHTMAP_OFF DIRLIGHTMAP_OFF DYNAMICLIGHTMAP_OFF pd=UNITY_NO_SCREENSPACE_SHADOWS UNITY_ENABLE_REFLECTION_BUFFERS UNITY_PBS_USE_BRDF1 UNITY_SPECCUBE_BOX_PROJECTION UNITY_SPECCUBE_BLENDING ok=1
Cmd: compileSnippet
  api=4 type=0 insize=7033 outsize=2709 kw=DIRECTIONAL SHADOWS_OFF LIGHTMAP_OFF DIRLIGHTMAP_OFF DYNAMICLIGHTMAP_OFF pd=UNITY_NO_SCREENSPACE_SHADOWS UNITY_ENABLE_REFLECTION_BUFFERS UNITY_PBS_USE_BRDF1 UNITY_SPECCUBE_BOX_PROJECTION UNITY_SPECCUBE_BLENDING ok=1
Cmd: compileSnippet
  api=4 type=1 insize=7033 outsize=973 kw=DIRECTIONAL SHADOWS_OFF LIGHTMAP_OFF DIRLIGHTMAP_OFF DYNAMICLIGHTMAP_OFF pd=UNITY_NO_SCREENSPACE_SHADOWS UNITY_ENABLE_REFLECTION_BUFFERS UNITY_PBS_USE_BRDF1 UNITY_SPECCUBE_BOX_PROJECTION UNITY_SPECCUBE_BLENDING ok=1
Cmd: compileSnippet
  api=4 type=0 insize=1706 outsize=629 kw=SOFTPARTICLES_OFF pd=UNITY_NO_SCREENSPACE_SHADOWS UNITY_ENABLE_REFLECTION_BUFFERS UNITY_PBS_USE_BRDF1 UNITY_SPECCUBE_BOX_PROJECTION UNITY_SPECCUBE_BLENDING ok=1
Cmd: compileSnippet
  api=4 type=1 insize=1706 outsize=421 kw=SOFTPARTICLES_OFF pd=UNITY_NO_SCREENSPACE_SHADOWS UNITY_ENABLE_REFLECTION_BUFFERS UNITY_PBS_USE_BRDF1 UNITY_SPECCUBE_BOX_PROJECTION UNITY_SPECCUBE_BLENDING ok=1
Cmd: compileSnippet
  api=4 type=0 insize=6813 outsize=2221 kw=DIRECTIONAL pd=UNITY_NO_SCREENSPACE_SHADOWS UNITY_ENABLE_REFLECTION_BUFFERS UNITY_PBS_USE_BRDF1 UNITY_SPECCUBE_BOX_PROJECTION UNITY_SPECCUBE_BLENDING ok=1
Cmd: compileSnippet
  api=4 type=1 insize=6813 outsize=2009 kw=DIRECTIONAL pd=UNITY_NO_SCREENSPACE_SHADOWS UNITY_ENABLE_REFLECTION_BUFFERS UNITY_PBS_USE_BRDF1 UNITY_SPECCUBE_BOX_PROJECTION UNITY_SPECCUBE_BLENDING ok=1
